<?xml version="1.0" encoding="UTF-8"?>
<coverage generated="1665059487659" clover="3.2.0">
  <project timestamp="1665059487660" name="All files">
    <metrics statements="11" coveredstatements="8" conditionals="4" coveredconditionals="3" methods="3" coveredmethods="2" elements="18" coveredelements="13" complexity="0" loc="11" ncloc="11" packages="1" files="3" classes="3"/>
    <file name="addTask.js" path="C:\Users\USER\Documents\New Projects\Microverse\Module 2\To-Do-List-App\src\modules\addTask.js">
      <metrics statements="8" coveredstatements="5" conditionals="2" coveredconditionals="1" methods="2" coveredmethods="1"/>
      <line num="3" count="1" type="stmt"/>
      <line num="4" count="2" type="stmt"/>
      <line num="5" count="2" type="cond" truecount="1" falsecount="1"/>
      <line num="6" count="2" type="stmt"/>
      <line num="10" count="2" type="stmt"/>
      <line num="12" count="0" type="stmt"/>
      <line num="13" count="0" type="stmt"/>
      <line num="14" count="0" type="stmt"/>
    </file>
    <file name="remove.js" path="C:\Users\USER\Documents\New Projects\Microverse\Module 2\To-Do-List-App\src\modules\remove.js">
      <metrics statements="2" coveredstatements="2" conditionals="0" coveredconditionals="0" methods="1" coveredmethods="1"/>
      <line num="3" count="1" type="stmt"/>
      <line num="4" count="1" type="stmt"/>
    </file>
    <file name="toDoItemsArray.js" path="C:\Users\USER\Documents\New Projects\Microverse\Module 2\To-Do-List-App\src\modules\toDoItemsArray.js">
      <metrics statements="1" coveredstatements="1" conditionals="2" coveredconditionals="2" methods="0" coveredmethods="0"/>
      <line num="1" count="1" type="cond" truecount="2" falsecount="0"/>
    </file>
  </project>
</coverage>
