{"C:\\Users\\USER\\Documents\\New Projects\\Microverse\\Module 2\\To-Do-List-App\\src\\modules\\addTask.js": {"path":"C:\\Users\\USER\\Documents\\New Projects\\Microverse\\Module 2\\To-Do-List-App\\src\\modules\\addTask.js","statementMap":{"0":{"start":{"line":3,"column":16},"end":{"line":17,"column":1}},"1":{"start":{"line":4,"column":16},"end":{"line":4,"column":47}},"2":{"start":{"line":5,"column":2},"end":{"line":16,"column":3}},"3":{"start":{"line":6,"column":20},"end":{"line":9,"column":5}},"4":{"start":{"line":10,"column":4},"end":{"line":10,"column":33}},"5":{"start":{"line":12,"column":4},"end":{"line":12,"column":38}},"6":{"start":{"line":13,"column":4},"end":{"line":15,"column":13}},"7":{"start":{"line":14,"column":6},"end":{"line":14,"column":43}}},"fnMap":{"0":{"name":"(anonymous_0)","decl":{"start":{"line":3,"column":16},"end":{"line":3,"column":17}},"loc":{"start":{"line":3,"column":29},"end":{"line":17,"column":1}},"line":3},"1":{"name":"(anonymous_1)","decl":{"start":{"line":13,"column":15},"end":{"line":13,"column":16}},"loc":{"start":{"line":13,"column":21},"end":{"line":15,"column":5}},"line":13}},"branchMap":{"0":{"loc":{"start":{"line":5,"column":2},"end":{"line":16,"column":3}},"type":"if","locations":[{"start":{"line":5,"column":2},"end":{"line":16,"column":3}},{"start":{"line":11,"column":9},"end":{"line":16,"column":3}}],"line":5}},"s":{"0":2,"1":4,"2":4,"3":4,"4":4,"5":0,"6":0,"7":0},"f":{"0":4,"1":0},"b":{"0":[4,0]},"_coverageSchema":"1a1c01bbd47fc00a2c39e90264f33305004495a9","hash":"ab9a443f85e1b7ec373aca1e01ebc68072b8cd17"}
,"C:\\Users\\USER\\Documents\\New Projects\\Microverse\\Module 2\\To-Do-List-App\\src\\modules\\clearCompleted.js": {"path":"C:\\Users\\USER\\Documents\\New Projects\\Microverse\\Module 2\\To-Do-List-App\\src\\modules\\clearCompleted.js","statementMap":{"0":{"start":{"line":5,"column":15},"end":{"line":5,"column":47}},"1":{"start":{"line":7,"column":23},"end":{"line":11,"column":1}},"2":{"start":{"line":8,"column":30},"end":{"line":8,"column":87}},"3":{"start":{"line":8,"column":62},"end":{"line":8,"column":86}},"4":{"start":{"line":9,"column":4},"end":{"line":9,"column":74}},"5":{"start":{"line":10,"column":4},"end":{"line":10,"column":11}}},"fnMap":{"0":{"name":"(anonymous_0)","decl":{"start":{"line":7,"column":23},"end":{"line":7,"column":24}},"loc":{"start":{"line":7,"column":29},"end":{"line":11,"column":1}},"line":7},"1":{"name":"(anonymous_1)","decl":{"start":{"line":8,"column":52},"end":{"line":8,"column":53}},"loc":{"start":{"line":8,"column":62},"end":{"line":8,"column":86}},"line":8}},"branchMap":{},"s":{"0":1,"1":1,"2":1,"3":2,"4":1,"5":1},"f":{"0":1,"1":2},"b":{},"_coverageSchema":"1a1c01bbd47fc00a2c39e90264f33305004495a9","hash":"b6fda191f010b09136f4474ffbe8beb591967b34"}
,"C:\\Users\\USER\\Documents\\New Projects\\Microverse\\Module 2\\To-Do-List-App\\src\\modules\\edit.js": {"path":"C:\\Users\\USER\\Documents\\New Projects\\Microverse\\Module 2\\To-Do-List-App\\src\\modules\\edit.js","statementMap":{"0":{"start":{"line":3,"column":14},"end":{"line":5,"column":1}},"1":{"start":{"line":4,"column":2},"end":{"line":4,"column":39}}},"fnMap":{"0":{"name":"(anonymous_0)","decl":{"start":{"line":3,"column":14},"end":{"line":3,"column":15}},"loc":{"start":{"line":3,"column":29},"end":{"line":5,"column":1}},"line":3}},"branchMap":{},"s":{"0":1,"1":1},"f":{"0":1},"b":{},"_coverageSchema":"1a1c01bbd47fc00a2c39e90264f33305004495a9","hash":"2a6b69fe117d9b7d42209bf4af902bfb52c1b5b9"}
,"C:\\Users\\USER\\Documents\\New Projects\\Microverse\\Module 2\\To-Do-List-App\\src\\modules\\init.js": {"path":"C:\\Users\\USER\\Documents\\New Projects\\Microverse\\Module 2\\To-Do-List-App\\src\\modules\\init.js","statementMap":{"0":{"start":{"line":4,"column":22},"end":{"line":4,"column":68}},"1":{"start":{"line":5,"column":19},"end":{"line":5,"column":65}},"2":{"start":{"line":6,"column":17},"end":{"line":6,"column":63}},"3":{"start":{"line":8,"column":13},"end":{"line":53,"column":1}},"4":{"start":{"line":9,"column":19},"end":{"line":37,"column":3}},"5":{"start":{"line":10,"column":25},"end":{"line":10,"column":43}},"6":{"start":{"line":11,"column":4},"end":{"line":36,"column":7}},"7":{"start":{"line":12,"column":6},"end":{"line":35,"column":9}},"8":{"start":{"line":13,"column":23},"end":{"line":13,"column":30}},"9":{"start":{"line":14,"column":28},"end":{"line":14,"column":43}},"10":{"start":{"line":15,"column":28},"end":{"line":15,"column":47}},"11":{"start":{"line":16,"column":32},"end":{"line":16,"column":57}},"12":{"start":{"line":17,"column":8},"end":{"line":17,"column":47}},"13":{"start":{"line":18,"column":8},"end":{"line":18,"column":45}},"14":{"start":{"line":19,"column":8},"end":{"line":19,"column":67}},"15":{"start":{"line":20,"column":8},"end":{"line":34,"column":11}},"16":{"start":{"line":21,"column":10},"end":{"line":21,"column":29}},"17":{"start":{"line":22,"column":29},"end":{"line":22,"column":60}},"18":{"start":{"line":23,"column":10},"end":{"line":33,"column":11}},"19":{"start":{"line":24,"column":12},"end":{"line":24,"column":60}},"20":{"start":{"line":25,"column":12},"end":{"line":25,"column":83}},"21":{"start":{"line":26,"column":12},"end":{"line":26,"column":30}},"22":{"start":{"line":27,"column":12},"end":{"line":27,"column":19}},"23":{"start":{"line":29,"column":12},"end":{"line":29,"column":56}},"24":{"start":{"line":30,"column":12},"end":{"line":32,"column":21}},"25":{"start":{"line":31,"column":14},"end":{"line":31,"column":61}},"26":{"start":{"line":39,"column":21},"end":{"line":49,"column":3}},"27":{"start":{"line":40,"column":25},"end":{"line":40,"column":75}},"28":{"start":{"line":41,"column":4},"end":{"line":48,"column":7}},"29":{"start":{"line":42,"column":6},"end":{"line":47,"column":9}},"30":{"start":{"line":43,"column":8},"end":{"line":43,"column":46}},"31":{"start":{"line":44,"column":8},"end":{"line":44,"column":79}},"32":{"start":{"line":45,"column":8},"end":{"line":45,"column":26}},"33":{"start":{"line":46,"column":8},"end":{"line":46,"column":15}},"34":{"start":{"line":51,"column":2},"end":{"line":51,"column":15}},"35":{"start":{"line":52,"column":2},"end":{"line":52,"column":13}}},"fnMap":{"0":{"name":"(anonymous_0)","decl":{"start":{"line":8,"column":13},"end":{"line":8,"column":14}},"loc":{"start":{"line":8,"column":19},"end":{"line":53,"column":1}},"line":8},"1":{"name":"(anonymous_1)","decl":{"start":{"line":9,"column":19},"end":{"line":9,"column":20}},"loc":{"start":{"line":9,"column":25},"end":{"line":37,"column":3}},"line":9},"2":{"name":"(anonymous_2)","decl":{"start":{"line":11,"column":25},"end":{"line":11,"column":26}},"loc":{"start":{"line":11,"column":35},"end":{"line":36,"column":5}},"line":11},"3":{"name":"(anonymous_3)","decl":{"start":{"line":12,"column":37},"end":{"line":12,"column":38}},"loc":{"start":{"line":12,"column":43},"end":{"line":35,"column":7}},"line":12},"4":{"name":"(anonymous_4)","decl":{"start":{"line":20,"column":60},"end":{"line":20,"column":61}},"loc":{"start":{"line":20,"column":67},"end":{"line":34,"column":9}},"line":20},"5":{"name":"(anonymous_5)","decl":{"start":{"line":30,"column":23},"end":{"line":30,"column":24}},"loc":{"start":{"line":30,"column":29},"end":{"line":32,"column":13}},"line":30},"6":{"name":"(anonymous_6)","decl":{"start":{"line":39,"column":21},"end":{"line":39,"column":22}},"loc":{"start":{"line":39,"column":27},"end":{"line":49,"column":3}},"line":39},"7":{"name":"(anonymous_7)","decl":{"start":{"line":41,"column":25},"end":{"line":41,"column":26}},"loc":{"start":{"line":41,"column":35},"end":{"line":48,"column":5}},"line":41},"8":{"name":"(anonymous_8)","decl":{"start":{"line":42,"column":37},"end":{"line":42,"column":38}},"loc":{"start":{"line":42,"column":44},"end":{"line":47,"column":7}},"line":42}},"branchMap":{"0":{"loc":{"start":{"line":23,"column":10},"end":{"line":33,"column":11}},"type":"if","locations":[{"start":{"line":23,"column":10},"end":{"line":33,"column":11}},{"start":{"line":28,"column":17},"end":{"line":33,"column":11}}],"line":23}},"s":{"0":1,"1":1,"2":1,"3":1,"4":1,"5":1,"6":1,"7":0,"8":0,"9":0,"10":0,"11":0,"12":0,"13":0,"14":0,"15":0,"16":0,"17":0,"18":0,"19":0,"20":0,"21":0,"22":0,"23":0,"24":0,"25":0,"26":1,"27":1,"28":1,"29":0,"30":0,"31":0,"32":0,"33":0,"34":1,"35":1},"f":{"0":1,"1":1,"2":0,"3":0,"4":0,"5":0,"6":1,"7":0,"8":0},"b":{"0":[0,0]},"_coverageSchema":"1a1c01bbd47fc00a2c39e90264f33305004495a9","hash":"48ba653c1ddefd78910dd4267f4a194e4683c0ba"}
,"C:\\Users\\USER\\Documents\\New Projects\\Microverse\\Module 2\\To-Do-List-App\\src\\modules\\remove.js": {"path":"C:\\Users\\USER\\Documents\\New Projects\\Microverse\\Module 2\\To-Do-List-App\\src\\modules\\remove.js","statementMap":{"0":{"start":{"line":3,"column":16},"end":{"line":5,"column":1}},"1":{"start":{"line":4,"column":2},"end":{"line":4,"column":33}}},"fnMap":{"0":{"name":"(anonymous_0)","decl":{"start":{"line":3,"column":16},"end":{"line":3,"column":17}},"loc":{"start":{"line":3,"column":26},"end":{"line":5,"column":1}},"line":3}},"branchMap":{},"s":{"0":1,"1":1},"f":{"0":1},"b":{},"_coverageSchema":"1a1c01bbd47fc00a2c39e90264f33305004495a9","hash":"76e00d5bc32ff714ecde287c0032b8e3ea9d59d3"}
,"C:\\Users\\USER\\Documents\\New Projects\\Microverse\\Module 2\\To-Do-List-App\\src\\modules\\renderTasks.js": {"path":"C:\\Users\\USER\\Documents\\New Projects\\Microverse\\Module 2\\To-Do-List-App\\src\\modules\\renderTasks.js","statementMap":{"0":{"start":{"line":4,"column":20},"end":{"line":4,"column":59}},"1":{"start":{"line":6,"column":24},"end":{"line":30,"column":1}},"2":{"start":{"line":7,"column":15},"end":{"line":7,"column":17}},"3":{"start":{"line":9,"column":2},"end":{"line":26,"column":5}},"4":{"start":{"line":10,"column":4},"end":{"line":25,"column":14}},"5":{"start":{"line":28,"column":2},"end":{"line":28,"column":33}},"6":{"start":{"line":29,"column":2},"end":{"line":29,"column":12}}},"fnMap":{"0":{"name":"(anonymous_0)","decl":{"start":{"line":6,"column":24},"end":{"line":6,"column":25}},"loc":{"start":{"line":6,"column":30},"end":{"line":30,"column":1}},"line":6},"1":{"name":"(anonymous_1)","decl":{"start":{"line":9,"column":25},"end":{"line":9,"column":26}},"loc":{"start":{"line":9,"column":42},"end":{"line":26,"column":3}},"line":9}},"branchMap":{"0":{"loc":{"start":{"line":18,"column":46},"end":{"line":18,"column":73}},"type":"binary-expr","locations":[{"start":{"line":18,"column":46},"end":{"line":18,"column":60}},{"start":{"line":18,"column":64},"end":{"line":18,"column":73}}],"line":18}},"s":{"0":1,"1":1,"2":0,"3":0,"4":0,"5":0,"6":0},"f":{"0":0,"1":0},"b":{"0":[0,0]},"_coverageSchema":"1a1c01bbd47fc00a2c39e90264f33305004495a9","hash":"27a5bfe4a87f00f3212091d12f7a43b27564aa43"}
,"C:\\Users\\USER\\Documents\\New Projects\\Microverse\\Module 2\\To-Do-List-App\\src\\modules\\toDoItemsArray.js": {"path":"C:\\Users\\USER\\Documents\\New Projects\\Microverse\\Module 2\\To-Do-List-App\\src\\modules\\toDoItemsArray.js","statementMap":{"0":{"start":{"line":1,"column":23},"end":{"line":1,"column":79}}},"fnMap":{},"branchMap":{"0":{"loc":{"start":{"line":1,"column":23},"end":{"line":1,"column":79}},"type":"binary-expr","locations":[{"start":{"line":1,"column":23},"end":{"line":1,"column":73}},{"start":{"line":1,"column":77},"end":{"line":1,"column":79}}],"line":1}},"s":{"0":2},"f":{},"b":{"0":[2,2]},"_coverageSchema":"1a1c01bbd47fc00a2c39e90264f33305004495a9","hash":"e2b25f7190f1b6f0e63493cdcce0ef2a7835d626"}
,"C:\\Users\\USER\\Documents\\New Projects\\Microverse\\Module 2\\To-Do-List-App\\src\\modules\\updateCompleted.js": {"path":"C:\\Users\\USER\\Documents\\New Projects\\Microverse\\Module 2\\To-Do-List-App\\src\\modules\\updateCompleted.js","statementMap":{"0":{"start":{"line":3,"column":18},"end":{"line":5,"column":1}},"1":{"start":{"line":4,"column":4},"end":{"line":4,"column":45}}},"fnMap":{"0":{"name":"(anonymous_0)","decl":{"start":{"line":3,"column":18},"end":{"line":3,"column":19}},"loc":{"start":{"line":3,"column":37},"end":{"line":5,"column":1}},"line":3}},"branchMap":{},"s":{"0":1,"1":1},"f":{"0":1},"b":{},"_coverageSchema":"1a1c01bbd47fc00a2c39e90264f33305004495a9","hash":"e5204f74ea67f1ca0d4894b50eb2af526bbaf09d"}
}
