{"C:\\Users\\USER\\Documents\\New Projects\\Microverse\\Module 2\\To-Do-List-App\\src\\modules\\addTask.js": {"path":"C:\\Users\\USER\\Documents\\New Projects\\Microverse\\Module 2\\To-Do-List-App\\src\\modules\\addTask.js","statementMap":{"0":{"start":{"line":3,"column":16},"end":{"line":17,"column":1}},"1":{"start":{"line":4,"column":16},"end":{"line":4,"column":47}},"2":{"start":{"line":5,"column":2},"end":{"line":16,"column":3}},"3":{"start":{"line":6,"column":20},"end":{"line":9,"column":5}},"4":{"start":{"line":10,"column":4},"end":{"line":10,"column":33}},"5":{"start":{"line":12,"column":4},"end":{"line":12,"column":38}},"6":{"start":{"line":13,"column":4},"end":{"line":15,"column":13}},"7":{"start":{"line":14,"column":6},"end":{"line":14,"column":43}}},"fnMap":{"0":{"name":"(anonymous_0)","decl":{"start":{"line":3,"column":16},"end":{"line":3,"column":17}},"loc":{"start":{"line":3,"column":29},"end":{"line":17,"column":1}},"line":3},"1":{"name":"(anonymous_1)","decl":{"start":{"line":13,"column":15},"end":{"line":13,"column":16}},"loc":{"start":{"line":13,"column":21},"end":{"line":15,"column":5}},"line":13}},"branchMap":{"0":{"loc":{"start":{"line":5,"column":2},"end":{"line":16,"column":3}},"type":"if","locations":[{"start":{"line":5,"column":2},"end":{"line":16,"column":3}},{"start":{"line":11,"column":9},"end":{"line":16,"column":3}}],"line":5}},"s":{"0":1,"1":2,"2":2,"3":2,"4":2,"5":0,"6":0,"7":0},"f":{"0":2,"1":0},"b":{"0":[2,0]},"_coverageSchema":"1a1c01bbd47fc00a2c39e90264f33305004495a9","hash":"ab9a443f85e1b7ec373aca1e01ebc68072b8cd17"}
,"C:\\Users\\USER\\Documents\\New Projects\\Microverse\\Module 2\\To-Do-List-App\\src\\modules\\remove.js": {"path":"C:\\Users\\USER\\Documents\\New Projects\\Microverse\\Module 2\\To-Do-List-App\\src\\modules\\remove.js","statementMap":{"0":{"start":{"line":3,"column":16},"end":{"line":5,"column":1}},"1":{"start":{"line":4,"column":2},"end":{"line":4,"column":33}}},"fnMap":{"0":{"name":"(anonymous_0)","decl":{"start":{"line":3,"column":16},"end":{"line":3,"column":17}},"loc":{"start":{"line":3,"column":26},"end":{"line":5,"column":1}},"line":3}},"branchMap":{},"s":{"0":1,"1":1},"f":{"0":1},"b":{},"_coverageSchema":"1a1c01bbd47fc00a2c39e90264f33305004495a9","hash":"76e00d5bc32ff714ecde287c0032b8e3ea9d59d3"}
,"C:\\Users\\USER\\Documents\\New Projects\\Microverse\\Module 2\\To-Do-List-App\\src\\modules\\toDoItemsArray.js": {"path":"C:\\Users\\USER\\Documents\\New Projects\\Microverse\\Module 2\\To-Do-List-App\\src\\modules\\toDoItemsArray.js","statementMap":{"0":{"start":{"line":1,"column":23},"end":{"line":1,"column":79}}},"fnMap":{},"branchMap":{"0":{"loc":{"start":{"line":1,"column":23},"end":{"line":1,"column":79}},"type":"binary-expr","locations":[{"start":{"line":1,"column":23},"end":{"line":1,"column":73}},{"start":{"line":1,"column":77},"end":{"line":1,"column":79}}],"line":1}},"s":{"0":1},"f":{},"b":{"0":[1,1]},"_coverageSchema":"1a1c01bbd47fc00a2c39e90264f33305004495a9","hash":"e2b25f7190f1b6f0e63493cdcce0ef2a7835d626"}
}
